Watching for file changes with StatReloader
Performing system checks...

System check identified no issues (0 silenced).
November 14, 2023 - 08:58:52
Django version 3.2.6, using settings 'collegeproject.settings'
Starting development server at http://192.168.1.102:8000/
Quit the server with CTRL-BREAK.
[14/Nov/2023 08:58:55] "GET /custom_login HTTP/1.1" 301 0
[14/Nov/2023 08:58:55] "GET /custom_login/ HTTP/1.1" 200 12940
[14/Nov/2023 08:58:55] "GET /static/img/ext.jpg HTTP/1.1" 404 1796
[14/Nov/2023 08:59:25] "GET /custom_login/ HTTP/1.1" 200 12940
[14/Nov/2023 08:59:25] "GET /static/img/ext.jpg HTTP/1.1" 404 1796
[14/Nov/2023 09:00:09] "GET /custom_login/ HTTP/1.1" 200 12940
[14/Nov/2023 09:00:09] "GET /static/img/ext.jpg HTTP/1.1" 404 1796
[14/Nov/2023 12:28:41] "GET /custom_login/ HTTP/1.1" 200 12940
[14/Nov/2023 12:28:41] "GET /static/img/ext.jpg HTTP/1.1" 404 1796
Not Found: /
[14/Nov/2023 12:52:36] "GET / HTTP/1.1" 404 2590
Not Found: /
[14/Nov/2023 12:52:46] "GET / HTTP/1.1" 404 2590
[14/Nov/2023 12:52:52] "GET /custom_login HTTP/1.1" 301 0
[14/Nov/2023 12:52:52] "GET /custom_login/ HTTP/1.1" 200 12940
[14/Nov/2023 12:52:52] "GET /static/img/ext.jpg HTTP/1.1" 404 1796
[14/Nov/2023 12:55:24] "GET /static/img/ext.jpg HTTP/1.1" 404 1796
Not Found: /favicon.ico
[14/Nov/2023 12:55:24] "GET /favicon.ico HTTP/1.1" 404 2641
[14/Nov/2023 12:55:26] "GET /custom_login/ HTTP/1.1" 200 12940
[14/Nov/2023 12:55:26] "GET /static/img/ext.jpg HTTP/1.1" 404 1796
